<?xml version="1.0" encoding="UTF-8"?>
<!-- Generated by org.testng.reporters.JUnitReportReporter -->
<testsuite hostname="Kavita-Hiremath" failures="0" tests="3" name="runnerC.RunnerClass" time="0.183" errors="0" timestamp="2023-05-31T11:02:26 IST" skipped="0">
  <testcase classname="runnerC.RunnerClass" name="runScenario" time="0.019"/>
  <system-out/>
  <testcase classname="runnerC.RunnerClass" name="runScenario" time="0.012"/>
  <system-out/>
  <testcase classname="runnerC.RunnerClass" name="runScenario" time="0.152"/>
  <system-out/>
</testsuite> <!-- runnerC.RunnerClass -->
