<?xml version="1.0" encoding="UTF-8"?>
<!-- Generated by org.testng.reporters.JUnitReportReporter -->
<testsuite hostname="Kavita-Hiremath" failures="0" tests="3" name="runner.Runner" time="0.112" errors="0" timestamp="2023-05-17T16:48:23 IST" skipped="0">
  <testcase classname="runner.Runner" name="runScenario" time="0.099"/>
  <system-out/>
  <testcase classname="runner.Runner" name="runScenario" time="0.007"/>
  <system-out/>
  <testcase classname="runner.Runner" name="runScenario" time="0.006"/>
  <system-out/>
</testsuite> <!-- runner.Runner -->
